<?xml version="1.0" encoding="UTF-8"?>
<!-- Generated by org.testng.reporters.JUnitXMLReporter -->
<testsuite hostname="LAPTOP-73D07K9V" ignored="0" name="XETest" tests="5" failures="0" timestamp="2021-10-20T13:11:55 BST" time="98.903" errors="0">
  <testcase name="testHomeObjects" time="21.887" classname="com.expleo.xe.testng.ValidateHomePage"/>
  <testcase name="testHomeObjects" time="19.161" classname="com.expleo.xe.testng.ValidateHomePage"/>
  <testcase name="testHomeObjects" time="19.606" classname="com.expleo.xe.testng.ValidateHomePage"/>
  <testcase name="testHomeObjects" time="18.53" classname="com.expleo.xe.testng.ValidateHomePage"/>
  <testcase name="testHomeObjects" time="19.64" classname="com.expleo.xe.testng.ValidateHomePage"/>
</testsuite> <!-- XETest -->
