<?xml version="1.0" encoding="UTF-8"?>
<testsuite xmlns:xsi="http://www.w3.org/2001/XMLSchema-instance" xsi:noNamespaceSchemaLocation="https://maven.apache.org/surefire/maven-surefire-plugin/xsd/surefire-test-report-3.0.xsd" version="3.0" name="TestSuite" time="99.957" tests="5" errors="0" skipped="0" failures="0">
  <properties>
[...]
</properties>
  <testcase name="testHomeObjects[200](1)" classname="com.expleo.xe.testng.ValidateHomePage" time="21.915">
    <system-out><![CDATA[false
200.00 Indian Rupees =2.2981076 Euros
]]></system-out>
    <system-err><![CDATA[Starting ChromeDriver 94.0.4606.61 (418b78f5838ed0b1c69bb4e51ea0252171854915-refs/branch-heads/4606@{#1204}) on port 14909
Only local connections are allowed.
Please see https://chromedriver.chromium.org/security-considerations for suggestions on keeping ChromeDriver safe.
ChromeDriver was started successfully.
[1634731819.782][WARNING]: This version of ChromeDriver has not been tested with Chrome version 95.
Oct 20, 2021 1:10:20 PM org.openqa.selenium.remote.ProtocolHandshake createSession
INFO: Detected dialect: W3C
log4j:WARN No appenders could be found for logger (com.expleo.xe.pages.HomePage).
log4j:WARN Please initialize the log4j system properly.
log4j:WARN See http://logging.apache.org/log4j/1.2/faq.html#noconfig for more info.
]]></system-err>
  </testcase>
  <testcase name="testHomeObjects[100](2)" classname="com.expleo.xe.testng.ValidateHomePage" time="19.147">
    <system-out><![CDATA[false
100.00 Indian Rupees =1.1489768 Euros
]]></system-out>
    <system-err><![CDATA[Starting ChromeDriver 94.0.4606.61 (418b78f5838ed0b1c69bb4e51ea0252171854915-refs/branch-heads/4606@{#1204}) on port 4119
Only local connections are allowed.
Please see https://chromedriver.chromium.org/security-considerations for suggestions on keeping ChromeDriver safe.
ChromeDriver was started successfully.
[1634731839.927][WARNING]: This version of ChromeDriver has not been tested with Chrome version 95.
Oct 20, 2021 1:10:40 PM org.openqa.selenium.remote.ProtocolHandshake createSession
INFO: Detected dialect: W3C
]]></system-err>
  </testcase>
  <testcase name="testHomeObjects[300](3)" classname="com.expleo.xe.testng.ValidateHomePage" time="19.609">
    <system-out><![CDATA[false
300.00 Indian Rupees =3.4469305 Euros
]]></system-out>
    <system-err><![CDATA[Starting ChromeDriver 94.0.4606.61 (418b78f5838ed0b1c69bb4e51ea0252171854915-refs/branch-heads/4606@{#1204}) on port 40982
Only local connections are allowed.
Please see https://chromedriver.chromium.org/security-considerations for suggestions on keeping ChromeDriver safe.
ChromeDriver was started successfully.
[1634731859.187][WARNING]: This version of ChromeDriver has not been tested with Chrome version 95.
Oct 20, 2021 1:10:59 PM org.openqa.selenium.remote.ProtocolHandshake createSession
INFO: Detected dialect: W3C
]]></system-err>
  </testcase>
  <testcase name="testHomeObjects[400](4)" classname="com.expleo.xe.testng.ValidateHomePage" time="18.55">
    <system-out><![CDATA[false
400.00 Indian Rupees =4.5959073 Euros
]]></system-out>
    <system-err><![CDATA[Starting ChromeDriver 94.0.4606.61 (418b78f5838ed0b1c69bb4e51ea0252171854915-refs/branch-heads/4606@{#1204}) on port 12552
Only local connections are allowed.
Please see https://chromedriver.chromium.org/security-considerations for suggestions on keeping ChromeDriver safe.
ChromeDriver was started successfully.
[1634731878.741][WARNING]: This version of ChromeDriver has not been tested with Chrome version 95.
Oct 20, 2021 1:11:19 PM org.openqa.selenium.remote.ProtocolHandshake createSession
INFO: Detected dialect: W3C
]]></system-err>
  </testcase>
  <testcase name="testHomeObjects[500](5)" classname="com.expleo.xe.testng.ValidateHomePage" time="19.621">
    <system-out><![CDATA[false
500.00 Indian Rupees =5.7451214 Euros
]]></system-out>
    <system-err><![CDATA[Starting ChromeDriver 94.0.4606.61 (418b78f5838ed0b1c69bb4e51ea0252171854915-refs/branch-heads/4606@{#1204}) on port 28906
Only local connections are allowed.
Please see https://chromedriver.chromium.org/security-considerations for suggestions on keeping ChromeDriver safe.
ChromeDriver was started successfully.
[1634731897.281][WARNING]: This version of ChromeDriver has not been tested with Chrome version 95.
Oct 20, 2021 1:11:37 PM org.openqa.selenium.remote.ProtocolHandshake createSession
INFO: Detected dialect: W3C
]]></system-err>
  </testcase>
</testsuite>